[    0.000000] Linux version 4.15.0-115-generic (buildd@lgw01-amd64-037) (gcc version 7.5.0 (Ubuntu 7.5.0-3ubuntu1~18.04)) #116-Ubuntu SMP Wed Aug 26 14:04:49 UTC 2020 (Ubuntu 4.15.0-115.116-generic 4.15.18)
[    0.000000] Command line: BOOT_IMAGE=/boot/vmlinuz-4.15.0-115-generic root=LABEL=cloudimg-rootfs ro console=tty1 console=ttyS0
[    0.000000] KERNEL supported cpus:
[    0.000000]   Intel GenuineIntel
[    0.000000]   AMD AuthenticAMD
[    0.000000]   Centaur CentaurHauls
[    0.000000] x86/fpu: x87 FPU will use FXSAVE
[    0.000000] e820: BIOS-provided physical RAM map:
[    0.000000] BIOS-e820: [mem 0x0000000000000000-0x000000000009fbff] usable
[    0.000000] BIOS-e820: [mem 0x000000000009fc00-0x000000000009ffff] reserved
[    0.000000] BIOS-e820: [mem 0x00000000000f0000-0x00000000000fffff] reserved
[    0.000000] BIOS-e820: [mem 0x0000000000100000-0x000000007ffeffff] usable
[    0.000000] BIOS-e820: [mem 0x000000007fff0000-0x000000007fffffff] ACPI data
[    0.000000] BIOS-e820: [mem 0x00000000fec00000-0x00000000fec00fff] reserved
[    0.000000] BIOS-e820: [mem 0x00000000fee00000-0x00000000fee00fff] reserved
[    0.000000] BIOS-e820: [mem 0x00000000fffc0000-0x00000000ffffffff] reserved
[    0.000000] NX (Execute Disable) protection: active
[    0.000000] SMBIOS 2.5 present.
[    0.000000] DMI: innotek GmbH VirtualBox/VirtualBox, BIOS VirtualBox 12/01/2006
[    0.000000] Hypervisor detected: KVM
[    0.000000] e820: last_pfn = 0x7fff0 max_arch_pfn = 0x400000000
[    0.000000] MTRR: Disabled
[    0.000000] x86/PAT: MTRRs disabled, skipping PAT initialization too.
[    0.000000] CPU MTRRs all blank - virtualized system.
[    0.000000] x86/PAT: Configuration [0-7]: WB  WT  UC- UC  WB  WT  UC- UC  
[    0.000000] found SMP MP-table at [mem 0x0009fff0-0x0009ffff]
[    0.000000] Scanning 1 areas for low memory corruption
[    0.000000] RAMDISK: [mem 0x35a6b000-0x36d2cfff]
[    0.000000] ACPI: Early table checksum verification disabled
[    0.000000] ACPI: RSDP 0x00000000000E0000 000024 (v02 VBOX  )
[    0.000000] ACPI: XSDT 0x000000007FFF0030 00003C (v01 VBOX   VBOXXSDT 00000001 ASL  00000061)
[    0.000000] ACPI: FACP 0x000000007FFF00F0 0000F4 (v04 VBOX   VBOXFACP 00000001 ASL  00000061)
[    0.000000] ACPI: DSDT 0x000000007FFF0470 002325 (v02 VBOX   VBOXBIOS 00000002 INTL 20100528)
[    0.000000] ACPI: FACS 0x000000007FFF0200 000040
[    0.000000] ACPI: FACS 0x000000007FFF0200 000040
[    0.000000] ACPI: APIC 0x000000007FFF0240 00005C (v02 VBOX   VBOXAPIC 00000001 ASL  00000061)
[    0.000000] ACPI: SSDT 0x000000007FFF02A0 0001CC (v01 VBOX   VBOXCPUT 00000002 INTL 20100528)
[    0.000000] No NUMA configuration found
[    0.000000] Faking a node at [mem 0x0000000000000000-0x000000007ffeffff]
[    0.000000] NODE_DATA(0) allocated [mem 0x7ffc5000-0x7ffeffff]
[    0.000000] kvm-clock: cpu 0, msr 0:7ff44001, primary cpu clock
[    0.000000] kvm-clock: Using msrs 4b564d01 and 4b564d00
[    0.000000] kvm-clock: using sched offset of 7429534040 cycles
[    0.000000] clocksource: kvm-clock: mask: 0xffffffffffffffff max_cycles: 0x1cd42e4dffb, max_idle_ns: 881590591483 ns
[    0.000000] Zone ranges:
[    0.000000]   DMA      [mem 0x0000000000001000-0x0000000000ffffff]
[    0.000000]   DMA32    [mem 0x0000000001000000-0x000000007ffeffff]
[    0.000000]   Normal   empty
[    0.000000]   Device   empty
[    0.000000] Movable zone start for each node
[    0.000000] Early memory node ranges
[    0.000000]   node   0: [mem 0x0000000000001000-0x000000000009efff]
[    0.000000]   node   0: [mem 0x0000000000100000-0x000000007ffeffff]
[    0.000000] Reserved but unavailable: 98 pages
[    0.000000] Initmem setup node 0 [mem 0x0000000000001000-0x000000007ffeffff]
[    0.000000] ACPI: PM-Timer IO Port: 0x4008
[    0.000000] IOAPIC[0]: apic_id 2, version 32, address 0xfec00000, GSI 0-23
[    0.000000] ACPI: INT_SRC_OVR (bus 0 bus_irq 0 global_irq 2 dfl dfl)
[    0.000000] ACPI: INT_SRC_OVR (bus 0 bus_irq 9 global_irq 9 low level)
[    0.000000] Using ACPI (MADT) for SMP configuration information
[    0.000000] smpboot: Allowing 2 CPUs, 0 hotplug CPUs
[    0.000000] PM: Registered nosave memory: [mem 0x00000000-0x00000fff]
[    0.000000] PM: Registered nosave memory: [mem 0x0009f000-0x0009ffff]
[    0.000000] PM: Registered nosave memory: [mem 0x000a0000-0x000effff]
[    0.000000] PM: Registered nosave memory: [mem 0x000f0000-0x000fffff]
[    0.000000] e820: [mem 0x80000000-0xfebfffff] available for PCI devices
[    0.000000] Booting paravirtualized kernel on KVM
[    0.000000] clocksource: refined-jiffies: mask: 0xffffffff max_cycles: 0xffffffff, max_idle_ns: 7645519600211568 ns
[    0.000000] random: get_random_bytes called from start_kernel+0x99/0x500 with crng_init=0
[    0.000000] setup_percpu: NR_CPUS:8192 nr_cpumask_bits:2 nr_cpu_ids:2 nr_node_ids:1
[    0.000000] percpu: Embedded 45 pages/cpu s147456 r8192 d28672 u1048576
[    0.000000] PV qspinlock hash table entries: 256 (order: 0, 4096 bytes)
[    0.000000] Built 1 zonelists, mobility grouping on.  Total pages: 515961
[    0.000000] Policy zone: DMA32
[    0.000000] Kernel command line: BOOT_IMAGE=/boot/vmlinuz-4.15.0-115-generic root=LABEL=cloudimg-rootfs ro console=tty1 console=ttyS0
[    0.000000] Memory: 2015232K/2096696K available (12300K kernel code, 2481K rwdata, 4272K rodata, 2436K init, 2724K bss, 81464K reserved, 0K cma-reserved)
[    0.000000] SLUB: HWalign=64, Order=0-3, MinObjects=0, CPUs=2, Nodes=1
[    0.000000] Kernel/User page tables isolation: enabled
[    0.000000] ftrace: allocating 39392 entries in 154 pages
[    0.004000] Hierarchical RCU implementation.
[    0.004000] 	RCU restricting CPUs from NR_CPUS=8192 to nr_cpu_ids=2.
[    0.004000] 	Tasks RCU enabled.
[    0.004000] RCU: Adjusting geometry for rcu_fanout_leaf=16, nr_cpu_ids=2
[    0.004000] NR_IRQS: 524544, nr_irqs: 440, preallocated irqs: 16
[    0.004000] Console: colour VGA+ 80x25
[    0.004000] console [tty1] enabled
[    0.004000] console [ttyS0] enabled
[    0.004000] ACPI: Core revision 20170831
[    0.004000] ACPI: 2 ACPI AML tables successfully acquired and loaded
[    0.004000] APIC: Switch to symmetric I/O mode setup
[    0.004000] ..TIMER: vector=0x30 apic1=0 pin1=2 apic2=-1 pin2=-1
[    0.004000] tsc: Detected 2592.008 MHz processor
[    0.004014] Calibrating delay loop (skipped) preset value.. 5184.01 BogoMIPS (lpj=10368032)
[    0.012009] pid_max: default: 32768 minimum: 301
[    0.016167] Security Framework initialized
[    0.020008] Yama: becoming mindful.
[    0.024233] AppArmor: AppArmor initialized
[    0.068477] Dentry cache hash table entries: 262144 (order: 9, 2097152 bytes)
[    0.092582] Inode-cache hash table entries: 131072 (order: 8, 1048576 bytes)
[    0.096460] Mount-cache hash table entries: 4096 (order: 3, 32768 bytes)
[    0.100432] Mountpoint-cache hash table entries: 4096 (order: 3, 32768 bytes)
[    0.111177] Last level iTLB entries: 4KB 64, 2MB 8, 4MB 8
[    0.112009] Last level dTLB entries: 4KB 64, 2MB 0, 4MB 0, 1GB 4
[    0.116012] Spectre V1 : Mitigation: usercopy/swapgs barriers and __user pointer sanitization
[    0.120007] Spectre V2 : Mitigation: Full generic retpoline
[    0.124008] Spectre V2 : Spectre v2 / SpectreRSB mitigation: Filling RSB on context switch
[    0.128009] Speculative Store Bypass: Vulnerable
[    0.132064] MDS: Mitigation: Clear CPU buffers
[    0.136255] Freeing SMP alternatives memory: 36K
[    0.258661] smpboot: CPU0: Intel(R) Core(TM) i7-9750H CPU @ 2.60GHz (family: 0x6, model: 0x9e, stepping: 0xa)
[    0.264959] Performance Events: unsupported p6 CPU model 158 no PMU driver, software events only.
[    0.268393] Hierarchical SRCU implementation.
[    0.273684] NMI watchdog: Perf event create on CPU 0 failed with -2
[    0.276006] NMI watchdog: Perf NMI watchdog permanently disabled
[    0.284858] smp: Bringing up secondary CPUs ...
[    0.293377] x86: Booting SMP configuration:
[    0.296009] .... node  #0, CPUs:      #1
[    0.004000] kvm-clock: cpu 1, msr 0:7ff44041, secondary cpu clock
[    0.323876] TSC synchronization [CPU#0 -> CPU#1]:
[    0.324000] Measured 34524 cycles TSC warp between CPUs, turning off TSC clock.
[    0.324000] tsc: Marking TSC unstable due to check_tsc_sync_source failed
[    0.328561] smp: Brought up 1 node, 2 CPUs
[    0.332011] smpboot: Max logical packages: 1
[    0.336009] smpboot: Total of 2 processors activated (10368.03 BogoMIPS)
[    0.348455] devtmpfs: initialized
[    0.352242] x86/mm: Memory block size: 128MB
[    0.357461] evm: security.selinux
[    0.360007] evm: security.SMACK64
[    0.364007] evm: security.SMACK64EXEC
[    0.368009] evm: security.SMACK64TRANSMUTE
[    0.372009] evm: security.SMACK64MMAP
[    0.376009] evm: security.apparmor
[    0.380025] evm: security.ima
[    0.384007] evm: security.capability
[    0.393308] clocksource: jiffies: mask: 0xffffffff max_cycles: 0xffffffff, max_idle_ns: 7645041785100000 ns
[    0.396021] futex hash table entries: 512 (order: 3, 32768 bytes)
[    0.400839] pinctrl core: initialized pinctrl subsystem
[    0.405287] RTC time:  6:31:26, date: 09/09/20
[    0.410464] NET: Registered protocol family 16
[    0.412302] audit: initializing netlink subsys (disabled)
[    0.416485] audit: type=2000 audit(1599633094.020:1): state=initialized audit_enabled=0 res=1
[    0.436013] cpuidle: using governor ladder
[    0.440025] cpuidle: using governor menu
[    0.444071] ACPI: bus type PCI registered
[    0.448012] acpiphp: ACPI Hot Plug PCI Controller Driver version: 0.5
[    0.453238] PCI: Using configuration type 1 for base access
[    0.468830] HugeTLB registered 2.00 MiB page size, pre-allocated 0 pages
[    0.484749] ACPI: Added _OSI(Module Device)
[    0.488010] ACPI: Added _OSI(Processor Device)
[    0.492009] ACPI: Added _OSI(3.0 _SCP Extensions)
[    0.496009] ACPI: Added _OSI(Processor Aggregator Device)
[    0.500018] ACPI: Added _OSI(Linux-Dell-Video)
[    0.512011] ACPI: Added _OSI(Linux-Lenovo-NV-HDMI-Audio)
[    0.528012] ACPI: Added _OSI(Linux-HPI-Hybrid-Graphics)
[    0.544392] ACPI: Executed 1 blocks of module-level executable AML code
[    0.566892] ACPI: Interpreter enabled
[    0.576026] ACPI: (supports S0 S5)
[    0.584006] ACPI: Using IOAPIC for interrupt routing
[    0.604883] PCI: Using host bridge windows from ACPI; if necessary, use "pci=nocrs" and report a bug
[    0.628569] ACPI: Enabled 2 GPEs in block 00 to 07
[    0.660531] ACPI: PCI Root Bridge [PCI0] (domain 0000 [bus 00-ff])
[    0.672017] acpi PNP0A03:00: _OSC: OS supports [ASPM ClockPM Segments MSI]
[    0.689581] acpi PNP0A03:00: _OSC: not requesting OS control; OS requires [ExtendedConfig ASPM ClockPM MSI]
[    0.712034] acpi PNP0A03:00: fail to add MMCONFIG information, can't access extended PCI configuration space under this bridge.
[    0.736838] PCI host bridge to bus 0000:00
[    0.748011] pci_bus 0000:00: root bus resource [io  0x0000-0x0cf7 window]
[    0.760015] pci_bus 0000:00: root bus resource [io  0x0d00-0xffff window]
[    0.776014] pci_bus 0000:00: root bus resource [mem 0x000a0000-0x000bffff window]
[    0.792012] pci_bus 0000:00: root bus resource [mem 0x80000000-0xfdffffff window]
[    0.808012] pci_bus 0000:00: root bus resource [bus 00-ff]
[    0.831646] pci 0000:00:01.1: legacy IDE quirk: reg 0x10: [io  0x01f0-0x01f7]
[    0.844009] pci 0000:00:01.1: legacy IDE quirk: reg 0x14: [io  0x03f6]
[    0.860011] pci 0000:00:01.1: legacy IDE quirk: reg 0x18: [io  0x0170-0x0177]
[    0.880011] pci 0000:00:01.1: legacy IDE quirk: reg 0x1c: [io  0x0376]
[    0.956005] pci 0000:00:07.0: quirk: [io  0x4000-0x403f] claimed by PIIX4 ACPI
[    0.976138] pci 0000:00:07.0: quirk: [io  0x4100-0x410f] claimed by PIIX4 SMB
[    1.040494] ACPI: PCI Interrupt Link [LNKA] (IRQs 5 9 10 *11)
[    1.065218] ACPI: PCI Interrupt Link [LNKB] (IRQs 5 9 *10 11)
[    1.084512] ACPI: PCI Interrupt Link [LNKC] (IRQs 5 *9 10 11)
[    1.108493] ACPI: PCI Interrupt Link [LNKD] (IRQs 5 9 10 *11)
[    1.137870] SCSI subsystem initialized
[    1.156496] pci 0000:00:02.0: vgaarb: setting as boot VGA device
[    1.160000] pci 0000:00:02.0: vgaarb: VGA device added: decodes=io+mem,owns=io+mem,locks=none
[    1.208011] pci 0000:00:02.0: vgaarb: bridge control possible
[    1.228024] vgaarb: loaded
[    1.240107] ACPI: bus type USB registered
[    1.252033] usbcore: registered new interface driver usbfs
[    1.276038] usbcore: registered new interface driver hub
[    1.292261] usbcore: registered new device driver usb
[    1.312420] EDAC MC: Ver: 3.0.0
[    1.320628] PCI: Using ACPI for IRQ routing
[    1.332341] NetLabel: Initializing
[    1.340007] NetLabel:  domain hash size = 128
[    1.348005] NetLabel:  protocols = UNLABELED CIPSOv4 CALIPSO
[    1.360038] NetLabel:  unlabeled traffic allowed by default
[    1.372359] clocksource: Switched to clocksource kvm-clock
[    1.491527] VFS: Disk quotas dquot_6.6.0
[    1.499727] VFS: Dquot-cache hash table entries: 512 (order 0, 4096 bytes)
[    1.515213] AppArmor: AppArmor Filesystem Enabled
[    1.526745] pnp: PnP ACPI init
[    1.536042] pnp: PnP ACPI: found 3 devices
[    1.558172] clocksource: acpi_pm: mask: 0xffffff max_cycles: 0xffffff, max_idle_ns: 2085701024 ns
[    1.579207] NET: Registered protocol family 2
[    1.587968] TCP established hash table entries: 16384 (order: 5, 131072 bytes)
[    1.605429] TCP bind hash table entries: 16384 (order: 6, 262144 bytes)
[    1.621169] TCP: Hash tables configured (established 16384 bind 16384)
[    1.633584] UDP hash table entries: 1024 (order: 3, 32768 bytes)
[    1.644687] UDP-Lite hash table entries: 1024 (order: 3, 32768 bytes)
[    1.657496] NET: Registered protocol family 1
[    1.666708] pci 0000:00:00.0: Limiting direct PCI/PCI transfers
[    1.679424] pci 0000:00:01.0: Activating ISA DMA hang workarounds
[    1.695176] pci 0000:00:02.0: Video device with shadowed ROM at [mem 0x000c0000-0x000dffff]
[    1.713494] Unpacking initramfs...
[    2.722237] Freeing initrd memory: 19208K
[    2.730314] clocksource: tsc: mask: 0xffffffffffffffff max_cycles: 0x255cbea3061, max_idle_ns: 440795313801 ns
[    2.749310] platform rtc_cmos: registered platform RTC device (no PNP device found)
[    2.761919] Scanning for low memory corruption every 60 seconds
[    2.773017] Initialise system trusted keyrings
[    2.779421] Key type blacklist registered
[    2.786309] workingset: timestamp_bits=36 max_order=19 bucket_order=0
[    2.802961] zbud: loaded
[    2.810935] squashfs: version 4.0 (2009/01/31) Phillip Lougher
[    2.822656] fuse init (API version 7.26)
[    2.884849] Key type asymmetric registered
[    2.893332] Asymmetric key parser 'x509' registered
[    2.902757] Block layer SCSI generic (bsg) driver version 0.4 loaded (major 246)
[    2.919046] io scheduler noop registered
[    2.926517] io scheduler deadline registered
[    2.933729] io scheduler cfq registered (default)
[    2.944601] ACPI: AC Adapter [AC] (on-line)
[    2.946855] input: Power Button as /devices/LNXSYSTM:00/LNXPWRBN:00/input/input0
[    2.946855] ACPI: Power Button [PWRF]
[    2.946855] input: Sleep Button as /devices/LNXSYSTM:00/LNXSLPBN:00/input/input1
[    2.946855] ACPI: Sleep Button [SLPF]
[    2.993779] Serial: 8250/16550 driver, 32 ports, IRQ sharing enabled
[    2.996653] ACPI: Battery Slot [BAT0] (battery present)
[    3.054299] 00:02: ttyS0 at I/O 0x3f8 (irq = 4, base_baud = 115200) is a 16550A
[    3.069476] Linux agpgart interface v0.103
[    3.085912] loop: module loaded
[    3.095677] scsi host0: ata_piix
[    3.105723] scsi host1: ata_piix
[    3.111800] ata1: PATA max UDMA/33 cmd 0x1f0 ctl 0x3f6 bmdma 0xd000 irq 14
[    3.123336] ata2: PATA max UDMA/33 cmd 0x170 ctl 0x376 bmdma 0xd008 irq 15
[    3.134792] libphy: Fixed MDIO Bus: probed
[    3.144378] tun: Universal TUN/TAP device driver, 1.6
[    3.152507] PPP generic driver version 2.4.2
[    3.157806] ehci_hcd: USB 2.0 'Enhanced' Host Controller (EHCI) Driver
[    3.166784] ehci-pci: EHCI PCI platform driver
[    3.175572] ehci-platform: EHCI generic platform driver
[    3.186888] ohci_hcd: USB 1.1 'Open' Host Controller (OHCI) Driver
[    3.199462] ohci-pci: OHCI PCI platform driver
[    3.209138] ohci-platform: OHCI generic platform driver
[    3.218072] uhci_hcd: USB Universal Host Controller Interface driver
[    3.228562] i8042: PNP: PS/2 Controller [PNP0303:PS2K,PNP0f03:PS2M] at 0x60,0x64 irq 1,12
[    3.244809] serio: i8042 KBD port at 0x60,0x64 irq 1
[    3.252785] serio: i8042 AUX port at 0x60,0x64 irq 12
[    3.262005] mousedev: PS/2 mouse device common for all mice
[    3.275419] input: AT Translated Set 2 keyboard as /devices/platform/i8042/serio0/input/input2
[    3.295292] rtc_cmos rtc_cmos: rtc core: registered rtc_cmos as rtc0
[    3.309536] rtc_cmos rtc_cmos: alarms up to one day, 114 bytes nvram
[    3.326051] i2c /dev entries driver
[    3.336568] device-mapper: uevent: version 1.0.3
[    3.346817] device-mapper: ioctl: 4.37.0-ioctl (2017-09-20) initialised: dm-devel@redhat.com
[    3.396307] ledtrig-cpu: registered to indicate activity on CPUs
[    3.408836] NET: Registered protocol family 10
[    3.441082] Segment Routing with IPv6
[    3.449128] NET: Registered protocol family 17
[    3.458853] Key type dns_resolver registered
[    3.468844] mce: Using 0 MCE banks
[    3.474542] RAS: Correctable Errors collector initialized.
[    3.484007] sched_clock: Marking stable (3483935300, 0)->(5847843727, -2363908427)
[    3.506492] registered taskstats version 1
[    3.513470] Loading compiled-in X.509 certificates
[    3.529642] Loaded X.509 cert 'Build time autogenerated kernel key: 4655b2c914ed6b33eca2e2b4a955f269ad793254'
[    3.545365] zswap: loaded using pool lzo/zbud
[    3.568424] Key type big_key registered
[    3.573848] Key type trusted registered
[    3.587814] Key type encrypted registered
[    3.596982] AppArmor: AppArmor sha1 policy hashing enabled
[    3.609781] ima: No TPM chip found, activating TPM-bypass! (rc=-19)
[    3.624139] ima: Allocated hash algorithm: sha1
[    3.633756] evm: HMAC attrs: 0x1
[    3.642828]   Magic number: 4:805:518
[    3.653929] rtc_cmos rtc_cmos: setting system clock to 2020-09-09 06:31:29 UTC (1599633089)
[    3.672565] BIOS EDD facility v0.16 2004-Jun-25, 0 devices found
[    3.683425] EDD information not available.
[    3.698226] Freeing unused kernel image memory: 2436K
[    3.717177] Write protecting the kernel read-only data: 20480k
[    3.730378] Freeing unused kernel image memory: 2008K
[    3.739442] Freeing unused kernel image memory: 1872K
[    3.760898] x86/mm: Checked W+X mappings: passed, no W+X pages found.
[    3.774135] x86/mm: Checking user space page tables
[    3.792937] x86/mm: Checked W+X mappings: passed, no W+X pages found.
Loading, please wait...
starting version 237
[    3.982241] e1000: Intel(R) PRO/1000 Network Driver - version 7.3.21-k8-NAPI
[    3.996967] e1000: Copyright (c) 1999-2006 Intel Corporation.
[    4.028752] Fusion MPT base driver 3.04.20
[    4.035955] Copyright (c) 1999-2008 LSI Corporation
[    4.113692] Fusion MPT SPI Host driver 3.04.20
[    4.809417] input: ImExPS/2 Generic Explorer Mouse as /devices/platform/i8042/serio1/input/input4
[    5.203117] e1000 0000:00:03.0 eth0: (PCI:33MHz:32-bit) 02:86:2f:41:27:17
[    5.213472] e1000 0000:00:03.0 eth0: Intel(R) PRO/1000 Network Connection
[    6.402994] e1000 0000:00:08.0 eth1: (PCI:33MHz:32-bit) 08:00:27:56:de:4a
[    6.411708] e1000 0000:00:08.0 eth1: Intel(R) PRO/1000 Network Connection
[    6.425989] e1000 0000:00:03.0 enp0s3: renamed from eth0
[    6.436800] mptbase: ioc0: Initiating bringup
[    6.471193] e1000 0000:00:08.0 enp0s8: renamed from eth1
[    6.556912] ioc0: LSI53C1030 A0: Capabilities={Initiator}
[    7.311185] scsi host2: ioc0: LSI53C1030 A0, FwRev=00000000h, Ports=1, MaxQ=256, IRQ=20[  950.692552] INFO: rcu_sched self-detected stall on CPU
[  950.696655] INFO: rcu_sched detected stalls on CPUs/tasks:
[  950.699154] 	0-...!: (1 GPs behind) idle=d62/1/0 softirq=668/669 fqs=0 
[  950.712835] 	 (t=236605 jiffies g=-159 c=-160 q=120)
[  950.712948] 	0-...!: (1 GPs behind) idle=d62/1/0 softirq=668/669 fqs=0 
[  950.718943] rcu_sched kthread starved for 236605 jiffies! g18446744073709551457 c18446744073709551456 f0x0 RCU_GP_WAIT_FQS(3) ->state=0x402 ->cpu=1
[  950.725862] 	(detected by 1, t=236605 jiffies, g=-159, c=-160, q=120)
[  950.725865] Sending NMI from CPU 1 to CPUs 0:
[  950.726957] NMI backtrace for cpu 0
[  950.726958] CPU: 0 PID: 0 Comm: swapper/0 Not tainted 4.15.0-115-generic #116-Ubuntu
[  950.726958] Hardware name: innotek GmbH VirtualBox/VirtualBox, BIOS VirtualBox 12/01/2006
[  950.726958] RIP: 0010:io_serial_in+0x18/0x20
[  950.726959] RSP: 0018:ffff9c787fc03bd0 EFLAGS: 00010002
[  950.726959] RAX: ffffffff95419260 RBX: ffffffff9690ce40 RCX: 0000000000000000
[  950.726959] RDX: 00000000000003fd RSI: 0000000000000005 RDI: ffffffff9690ce40
[  950.726960] RBP: ffff9c787fc03bd0 R08: 0000000000000000 R09: 0000000000000007
[  950.726960] R10: 0000000000000000 R11: ffffffff9676080d R12: 0000000000002710
[  950.726960] R13: 0000000000000020 R14: ffffffff96760801 R15: ffffffff9690ce40
[  950.726960] FS:  0000000000000000(0000) GS:ffff9c787fc00000(0000) knlGS:0000000000000000
[  950.726961] CS:  0010 DS: 0000 ES: 0000 CR0: 0000000080050033
[  950.726961] CR2: 000055e270613828 CR3: 000000002160a005 CR4: 00000000000206f0
[  950.726961] Call Trace:
[  950.726961]  <IRQ>
[  950.726961]  wait_for_xmitr+0x47/0xb0
[  950.726962]  serial8250_console_putchar+0x1c/0x40
[  950.726962]  ? wait_for_xmitr+0xb0/0xb0
[  950.726962]  uart_console_write+0x4c/0x60
[  950.726962]  serial8250_console_write+0x10a/0x2b0
[  950.726962]  ? msg_print_text+0x80/0x100
[  950.726962]  univ8250_console_write+0x21/0x30
[  950.726963]  console_unlock+0x3cf/0x560
[  950.726963]  vprintk_emit+0x134/0x2c0
[  950.726963]  vprintk_default+0x29/0x50
[  950.726963]  vprintk_func+0x47/0xc0
[  950.726963]  printk+0x52/0x6e
[  950.726964]  rcu_check_gp_kthread_starvation+0x98/0xc0
[  950.726964]  rcu_check_callbacks+0x6c5/0x8e0
[  950.726964]  ? tick_sched_do_timer+0x50/0x50
[  950.726964]  update_process_times+0x2f/0x60
[  950.726964]  tick_sched_handle+0x26/0x70
[  950.726965]  ? tick_sched_do_timer+0x42/0x50
[  950.726965]  tick_sched_timer+0x39/0x80
[  950.726965]  __hrtimer_run_queues+0xdf/0x230
[  950.726965]  hrtimer_interrupt+0xa0/0x1d0
[  950.726965]  smp_apic_timer_interrupt+0x6f/0x140
[  950.726966]  apic_timer_interrupt+0x90/0xa0
[  950.726966]  </IRQ>
[  950.726966] RIP: 0010:native_safe_halt+0x12/0x20
[  950.726966] RSP: 0018:ffffffff96203e28 EFLAGS: 00010246 ORIG_RAX: ffffffffffffff11
[  950.726967] RAX: ffffffff957c2770 RBX: 0000000000000000 RCX: 0000000000000000
[  950.726967] RDX: 0000000000000000 RSI: 0000000000000000 RDI: 0000000000000000
[  950.726967] RBP: ffffffff96203e28 R08: 0000000000000002 R09: 0000000000000001
[  950.726967] R10: 0000000000000000 R11: 00000000000000ea R12: 0000000000000000
[  950.726968] R13: 0000000000000000 R14: 0000000000000000 R15: 0000000000000000
[  950.726968]  ? __sched_text_end+0x1/0x1
[  950.726968]  default_idle+0x20/0x100
[  950.726968]  arch_cpu_idle+0x15/0x20
[  950.726968]  default_idle_call+0x23/0x30
[  950.726969]  do_idle+0x172/0x1f0
[  950.726969]  cpu_startup_entry+0x73/0x80
[  950.726969]  rest_init+0xae/0xb0
[  950.726969]  start_kernel+0x4dc/0x500
[  950.726969]  x86_64_start_reservations+0x24/0x26
[  950.726970]  x86_64_start_kernel+0x74/0x77
[  950.726970]  secondary_startup_64+0xa5/0xb0
[  950.726970] Code: 48 89 e5 d3 e6 48 63 f6 48 03 77 10 8b 06 5d c3 0f 1f 00 0f 1f 44 00 00 0f b6 8f a1 00 00 00 8b 57 08 55 48 89 e5 d3 e6 01 f2 ec <0f> b6 c0 5d c3 0f 1f 00 0f 1f 44 00 00 0f b6 8f a1 00 00 00 89 
[  950.726978] rcu_sched kthread starved for 236605 jiffies! g18446744073709551457 c18446744073709551456 f0x0 RCU_GP_WAIT_FQS(3) ->state=0x402 ->cpu=1
[  950.741040] rcu_sched       I    0     8      2 0x80000000
[  950.748103] rcu_sched       I    0     8      2 0x80000000
[  950.753193] Call Trace:
[  950.757237] Call Trace:
[  950.765978]  __schedule+0x24e/0x880
[  950.774859]  __schedule+0x24e/0x880
[  950.780824]  schedule+0x2c/0x80
[  950.788033]  schedule+0x2c/0x80
[  950.796213]  schedule_timeout+0x15d/0x370
[  950.804330]  schedule_timeout+0x15d/0x370
[  950.804334]  ? __next_timer_interrupt+0xe0/0xe0
[  950.813231]  ? __next_timer_interrupt+0xe0/0xe0
[  950.821862]  rcu_gp_kthread+0x53a/0x980
[  950.831303]  rcu_gp_kthread+0x53a/0x980
[  950.841254]  kthread+0x121/0x140
[  950.848728]  kthread+0x121/0x140
[  950.857418]  ? rcu_note_context_switch+0x150/0x150
[  950.860445]  ? rcu_note_context_switch+0x150/0x150
[  950.863265]  ? kthread_create_worker_on_cpu+0x70/0x70
[  950.868360]  ? kthread_create_worker_on_cpu+0x70/0x70
[  950.874388]  ret_from_fork+0x35/0x40
[  950.879872]  ret_from_fork+0x35/0x40
[  951.243893] NMI backtrace for cpu 0
[  951.248071] CPU: 0 PID: 0 Comm: swapper/0 Not tainted 4.15.0-115-generic #116-Ubuntu
[  951.257413] Hardware name: innotek GmbH VirtualBox/VirtualBox, BIOS VirtualBox 12/01/2006
[  951.267336] Call Trace:
[  951.270630]  <IRQ>
[  951.273232]  dump_stack+0x6d/0x8e
[  951.277266]  nmi_cpu_backtrace+0x94/0xa0
[  951.281878]  ? lapic_can_unplug_cpu+0xb0/0xb0
[  951.287283]  nmi_trigger_cpumask_backtrace+0xe7/0x130
[  951.293414]  arch_trigger_cpumask_backtrace+0x19/0x20
[  951.299555]  rcu_dump_cpu_stacks+0xa3/0xdb
[  951.304526]  rcu_check_callbacks+0x6cd/0x8e0
[  951.309864]  ? tick_sched_do_timer+0x50/0x50
[  951.315383]  update_process_times+0x2f/0x60
[  951.320729]  tick_sched_handle+0x26/0x70
[  951.325646]  ? tick_sched_do_timer+0x42/0x50
[  951.331572]  tick_sched_timer+0x39/0x80
[  951.337291]  __hrtimer_run_queues+0xdf/0x230
[  951.343822]  hrtimer_interrupt+0xa0/0x1d0
[  951.350161]  smp_apic_timer_interrupt+0x6f/0x140
[  951.355895]  apic_timer_interrupt+0x90/0xa0
[  951.360816]  </IRQ>
[  951.363796] RIP: 0010:native_safe_halt+0x12/0x20
[  951.369502] RSP: 0018:ffffffff96203e28 EFLAGS: 00010246 ORIG_RAX: ffffffffffffff11
[  951.378334] RAX: ffffffff957c2770 RBX: 0000000000000000 RCX: 0000000000000000
[  951.387407] RDX: 0000000000000000 RSI: 0000000000000000 RDI: 0000000000000000
[  951.395572] RBP: ffffffff96203e28 R08: 0000000000000002 R09: 0000000000000001
[  951.403785] R10: 0000000000000000 R11: 00000000000000ea R12: 0000000000000000
[  951.412652] R13: 0000000000000000 R14: 0000000000000000 R15: 0000000000000000
[  951.421575]  ? __sched_text_end+0x1/0x1
[  951.426498]  default_idle+0x20/0x100
[  951.430782]  arch_cpu_idle+0x15/0x20
[  951.435068]  default_idle_call+0x23/0x30
[  951.439791]  do_idle+0x172/0x1f0
[  951.444123]  cpu_startup_entry+0x73/0x80
[  951.448945]  rest_init+0xae/0xb0
[  951.453308]  start_kernel+0x4dc/0x500
[  951.458058]  x86_64_start_reservations+0x24/0x26
[  951.463725]  x86_64_start_kernel+0x74/0x77
[  951.468613]  secondary_startup_64+0xa5/0xb0
[  951.581383] ioc0: LSI53C1030 A0: Capabilities={Initiator}
[  951.889124] scsi host2: ioc0: LSI53C1030 A0, FwRev=00000000h, Ports=1, MaxQ=256, IRQ=20
[  952.102551] scsi 2:0:0:0: Direct-Access     VBOX     HARDDISK         1.0  PQ: 0 ANSI: 5
[  952.164722] scsi target2:0:0: Beginning Domain Validation
[  952.179237] scsi target2:0:0: Domain Validation skipping write tests
[  952.185690] scsi target2:0:0: Ending Domain Validation
[  952.191272] scsi target2:0:0: asynchronous
[  952.196155] random: fast init done
[  952.201257] scsi 2:0:1:0: Direct-Access     VBOX     HARDDISK         1.0  PQ: 0 ANSI: 5
[  952.267470] scsi target2:0:1: Beginning Domain Validation
[  952.283397] scsi target2:0:1: Domain Validation skipping write tests
[  952.290145] scsi target2:0:1: Ending Domain Validation
[  952.296206] scsi target2:0:1: asynchronous
[  952.316063] sd 2:0:0:0: [sda] 20971520 512-byte logical blocks: (10.7 GB/10.0 GiB)
[  952.316849] random: systemd-udevd: uninitialized urandom read (16 bytes read)
[  952.326310] sd 2:0:0:0: Attached scsi generic sg0 type 0
[  952.334516] random: systemd-udevd: uninitialized urandom read (16 bytes read)
[  952.334519] random: systemd-udevd: uninitialized urandom read (16 bytes read)
[  952.357397] sd 2:0:0:0: [sda] Write Protect is off
[  952.368170] sd 2:0:0:0: [sda] Incomplete mode parameter data
[  952.368703] sd 2:0:1:0: Attached scsi generic sg1 type 0
[  952.376065] sd 2:0:0:0: [sda] Assuming drive cache: write through
[  952.393826] sd 2:0:1:0: [sdb] 20480 512-byte logical blocks: (10.5 MB/10.0 MiB)
[  952.406681] sd 2:0:1:0: [sdb] Write Protect is off
[  952.410311]  sda: sda1
[  952.418578] sd 2:0:1:0: [sdb] Incomplete mode parameter data
[  952.421130] sd 2:0:0:0: [sda] Attached SCSI disk
[  952.426063] sd 2:0:1:0: [sdb] Assuming drive cache: write through
[  952.457109] sd 2:0:1:0: [sdb] Attached SCSI disk
Begin: Loading essential drivers ... [  954.556478] raid6: sse2x1   gen() 12685 MB/s
[  954.608205] raid6: sse2x1   xor()  8946 MB/s
[  954.660553] raid6: sse2x2   gen() 15421 MB/s
[  954.712524] raid6: sse2x2   xor() 10810 MB/s
[  954.764360] raid6: sse2x4   gen() 17968 MB/s
[  954.816415] raid6: sse2x4   xor() 11337 MB/s
[  954.821750] raid6: using algorithm sse2x4 gen() 17968 MB/s
[  954.828123] raid6: .... xor() 11337 MB/s, rmw enabled
[  954.833576] raid6: using ssse3x2 recovery algorithm
[  954.843347] xor: measuring software checksum speed
[  954.955941]    prefetch64-sse: 56629.000 MB/sec
[  955.073338]    generic_sse: 55882.000 MB/sec
[  955.080436] xor: using function: prefetch64-sse (56629.000 MB/sec)
[  955.089919] async_tx: api initialized (async)
done.
Begin: Running /scripts/init-premount ... done.
Begin: Mounting root file system ... Begin: Running /scripts/local-top ... done.
Begin: Running /scripts/local-premount ... [  955.158173] Btrfs loaded, crc32c=crc32c-intel
Scanning for Btrfs filesystems
done.
Warning: fsck not present, so skipping root file system
[  955.222352] EXT4-fs (sda1): INFO: recovery required on readonly filesystem
[  955.230623] EXT4-fs (sda1): write access will be enabled during recovery
[  955.538073] EXT4-fs (sda1): recovery complete
[  955.544793] EXT4-fs (sda1): mounted filesystem with ordered data mode. Opts: (null)
done.
Begin: Running /scripts/local-bottom ... done.
Begin: Running /scripts/init-bottom ... done.
[  955.749651] ip_tables: (C) 2000-2006 Netfilter Core Team
[  955.771597] systemd[1]: systemd 237 running in system mode. (+PAM +AUDIT +SELINUX +IMA +APPARMOR +SMACK +SYSVINIT +UTMP +LIBCRYPTSETUP +GCRYPT +GNUTLS +ACL +XZ +LZ4 +SECCOMP +BLKID +ELFUTILS +KMOD -IDN2 +IDN -PCRE2 default-hierarchy=hybrid)
[  955.796938] systemd[1]: Detected virtualization oracle.
[  955.803107] systemd[1]: Detected architecture x86-64.

Welcome to [1mUbuntu 18.04.5 LTS[0m!

[  955.851489] systemd[1]: Set hostname to <ubuntu-bionic>.
[  956.246297] systemd[1]: Created slice User and Session Slice.
[[0;32m  OK  [0m] Created slice User and Session Slice.
[  956.259415] systemd[1]: Started Forward Password Requests to Wall Directory Watch.
[[0;32m  OK  [0m] Started Forward Password Requests to Wall Directory Watch.
[  956.278258] systemd[1]: Reached target Swap.
[[0;32m  OK  [0m] Reached target Swap.
[  956.291545] systemd[1]: Reached target User and Group Name Lookups.
[[0;32m  OK  [0m] Reached target User and Group Name Lookups.
[  956.305450] systemd[1]: Created slice System Slice.
[[0;32m  OK  [0m] Created slice System Slice.
[  956.320415] systemd[1]: Listening on LVM2 poll daemon socket.
[[0;32m  OK  [0m] Listening on LVM2 poll daemon socket.
[[0;32m  OK  [0m] Listening on udev Kernel Socket.
[[0;32m  OK  [0m] Listening on Syslog Socket.
[[0;32m  OK  [0m] Set up automount Arbitrary Executab…rmats File System Automount Point.
[[0;32m  OK  [0m] Listening on Device-mapper event daemon FIFOs.
[[0;32m  OK  [0m] Listening on udev Control Socket.
[[0;32m  OK  [0m] Reached target Slices.
[[0;32m  OK  [0m] Reached target System Time Synchronized.
[[0;32m  OK  [0m] Listening on Network Service Netlink Socket.
[[0;32m  OK  [0m] Created slice system-serial\x2dgetty.slice.
[[0;32m  OK  [0m] Listening on Journal Socket.
         Mounting Kernel Debug File System...
         Starting udev Coldplug all Devices...
         Mounting Huge Pages File System...
         Starting Uncomplicated firewall...
         Mounting POSIX Message Queue File System...
         Starting Remount Root and Kernel File Systems...
         Starting Set the console keyboard layout...
         Starting Create list of required st…ce nodes for the current kernel...[  956.438529] EXT4-fs (sda1): re-mounted. Opts: (null)

[[0;32m  OK  [0m] Listening on Journal Audit Socket.
[[0;32m  OK  [0m] Listening on LVM2 metadata daemon socket.
         Starting Monitoring of LVM2 mirrors…ng dmeventd or progress polling...
         Starting Load Kernel Modules...
[[0;32m  OK  [0m] Listening on Journal Socket (/dev/log).
         Starting Journal Service...
[[0;32m  OK  [0m] Listening on /dev/initctl Compatibility Named Pipe.
[[0;32m  OK  [0m] Mounted Kernel Debug File System.
[  956.550907] Loading iSCSI transport class v2.0-870.
[[0;32m  OK  [0m] Mounted Huge Pages File System.
[[0;32m  OK  [0m] Started Uncomplicated firewall.
[[0;32m  OK  [0m] Mounted POSIX Message Queue File System.
[[0;32m  OK  [0m] Started Remount Root and Kernel File Systems.
[[0;32m  OK  [0m] Started Create list of required sta…vice nodes for the current kernel.
[[0;32m  OK  [0m] Started LVM2 metadata daemon.
         Starting Create Static Device Nodes in /dev...
         Starting Load/Save Random Seed...
[[0;32m  OK  [0m] Started udev Coldplug all Devices.
[[0;32m  OK  [0m] Started Create Static Device Nodes in /dev.
         Starting udev Kernel Device Manager...
[[0;32m  OK  [0m] Started Load/Save Random Seed.
[  956.697902] iscsi: registered transport (tcp)
[[0;32m  OK  [0m] Started Journal Service.
         Starting Flush Journal to Persistent Storage...
[[0;32m  OK  [0m] Started Monitoring of LVM2 mirrors,…sing dmeventd or progress polling.
[[0;32m  OK  [0m] Started Set the console keyboard layout.
[[0;32m  OK  [0m] Reached target Local File Systems (Pre).
[[0;32m  OK  [0m] Reached target Local File Systems.
         Starting Set console font and keymap...
         Starting AppArmor initialization...
         Starting Tell Plymouth To Write Out Runtime Data...
         Starting ebtables ruleset management...
[[0;32m  OK  [0m] Started udev Kernel Device Manager.
[[0;32m  OK  [0m] Started Dispatch Password Requests to Console Directory Watch.
[[0;32m  OK  [0m] Reached target Local Encrypted Volumes.
[  956.832503] systemd-journald[396]: Received request to flush runtime journal from PID 1
[[0;32m  OK  [0m] Started Set console font and keymap.
[[0;32m  OK  [0m] Started Tell Plymouth To Write Out Runtime Data.
[  956.931252] iscsi: registered transport (iser)
[[0;32m  OK  [0m] Started Load Kernel Modules.
         Starting Apply Kernel Variables...
         Mounting FUSE Control File System...
         Mounting Kernel Configuration File System...
[[0;32m  OK  [0m] Mounted FUSE Control File System.
[[0;32m  OK  [0m] Mounted Kernel Configuration File System.
[[0;32m  OK  [0m] Started Apply Kernel Variables.
[[0;32m  OK  [0m] Started ebtables ruleset management.
[[0;32m  OK  [0m] Started Flush Journal to Persistent Storage.
         Starting Create Volatile Files and Directories...
[[0;32m  OK  [0m] Started Create Volatile Files and Directories.
         Starting Update UTMP about System Boot/Shutdown...
[[0;32m  OK  [0m] Started Update UTMP about System Boot/Shutdown.
[[0;32m  OK  [0m] Found device /dev/ttyS0.
[[0;32m  OK  [0m] Listening on Load/Save RF Kill Switch Status /dev/rfkill Watch.
[[0;32m  OK  [0m] Started AppArmor initialization.
         Starting Load AppArmor profiles managed internally by snapd...
         Starting Initial cloud-init job (pre-networking)...
[[0;32m  OK  [0m] Started Load AppArmor profiles managed internally by snapd.
[  959.217301] cloud-init[578]: Cloud-init v. 20.2-45-g5f7825e2-0ubuntu1~18.04.1 running 'init-local' at Wed, 09 Sep 2020 06:45:05 +0000. Up 959.00 seconds.
[[0;32m  OK  [0m] Started Initial cloud-init job (pre-networking).
[[0;32m  OK  [0m] Reached target Network (Pre).
         Starting Network Service...
[[0;32m  OK  [0m] Started Network Service.
         Starting Wait for Network to be Configured...
         Starting Network Name Resolution...
[[0;32m  OK  [0m] Started Network Name Resolution.
[[0;32m  OK  [0m] Reached target Network.
[[0;32m  OK  [0m] Reached target Host and Network Name Lookups.
[[0;32m  OK  [0m] Started Wait for Network to be Configured.
         Starting Initial cloud-init job (metadata service crawler)...
[  960.931383] cloud-init[686]: Cloud-init v. 20.2-45-g5f7825e2-0ubuntu1~18.04.1 running 'init' at Wed, 09 Sep 2020 06:45:06 +0000. Up 960.80 seconds.
[  960.941380] cloud-init[686]: ci-info: ++++++++++++++++++++++++++++++++++++++Net device info+++++++++++++++++++++++++++++++++++++++
[  960.950504] cloud-init[686]: ci-info: +--------+-------+----------------------------+---------------+--------+-------------------+
[  960.959190] cloud-init[686]: ci-info: | Device |   Up  |          Address           |      Mask     | Scope  |     Hw-Address    |
[  960.965936] cloud-init[686]: ci-info: +--------+-------+----------------------------+---------------+--------+-------------------+
[  960.971504] cloud-init[686]: ci-info: | enp0s3 |  True |         10.0.2.15          | 255.255.255.0 | global | 02:86:2f:41:27:17 |
[  960.977089] cloud-init[686]: ci-info: | enp0s3 |  True | fe80::86:2fff:fe41:2717/64 |       .       |  link  | 02:86:2f:41:27:17 |
[  960.982512] cloud-init[686]: ci-info: | enp0s8 | False |             .              |       .       |   .    | 08:00:27:13:df:87 |
[  960.991256] cloud-init[686]: ci-info: |   lo   |  True |         127.0.0.1          |   255.0.0.0   |  host  |         .  [ 3210.188069] INFO: rcu_sched detected stalls on CPUs/tasks:
[ 3210.197771] 	(detected by 1, t=40985 jiffies, g=12541, c=12540, q=19)
[ 3210.208282] All QSes seen, last rcu_sched kthread activity 40983 (4295695212-4295654229), jiffies_till_next_fqs=1, root ->qsmask 0x0
[ 3210.223293] rcu_sched kthread starved for 40983 jiffies! g12541 c12540 f0x2 RCU_GP_WAIT_FQS(3) ->state=0x200 ->cpu=1
[  961.029963] cloud-init[686]: ci-info: +-------+-------------+----------+-----------------+-----------+-------+
[  961.037624] cloud-init[686]: ci-info: | Route | Destination | Gateway  |     Genmask     | Interface | Flags |
[  961.046295] cloud-init[686]: ci-info: +-------+-------------+----------+-----------------+-----------+-------+
[  961.058682] cloud-init[686]: ci-info: |   0   |   0.0.0.0   | 10.0.2.2 |     0.0.0.0     |   enp0s3  |   UG  |
[  961.066868] cloud-init[686]: ci-info: |   1   |   10.0.2.0  | 0.0.0.0  |  255.255.255.0  |   enp0s3  |   U   |
[  961.074737] cloud-init[686]: ci-info: |   2   |   10.0.2.2  | 0.0.0.0  | 255.255.255.255 |   enp0s3  |   UH  |
[  961.082556] cloud-init[686]: ci-info: +-------+-------------+----------+-----------------+-----------+-------+
[  961.090905] cloud-init[686]: ci-info: +++++++++++++++++++Route IPv6 info+++++++++++++++++++
[  961.098289] cloud-init[686]: ci-info: +-------+-------------+---------+-----------+-------+
[  961.108697] cloud-init[686]: ci-info: | Route | Destination | Gateway | Interface | Flags |
[  961.112545] cloud-init[686]: ci-info: +-------+-------------+---------+-----------+-------+
[  961.116567] cloud-init[686]: ci-info: |   1   |  fe80::/64  |    ::   |   enp0s3  |   U   |
[  961.121083] cloud-init[686]: ci-info: |   3   |    local    |    ::   |   enp0s3  |   U   |
[  961.124798] cloud-init[686]: ci-info: |   4   |   ff00::/8  |    ::   |   enp0s3  |   U   |
[  961.128675] cloud-init[686]: ci-info: +-------+-------------+---------+-----------+-------+
[[0;32m  OK  [0m] Started Initial cloud-init job (metadata service crawler).
[[0;32m  OK  [0m] Reached target Network is Online.
[[0;32m  OK  [0m] Reached target Remote File Systems (Pre).
[[0;32m  OK  [0m] Reached target Remote File Systems.
         Starting Availability of block devices...
[[0;32m  OK  [0m] Reached target Cloud-config availability.
[[0;32m  OK  [0m] Reached target System Initialization.
[[0;32m  OK  [0m] Listening on D-Bus System Message Bus Socket.
         Starting Socket activation for snappy daemon.
[[0;32m  OK  [0m] Started Daily apt download activities.
[[0;32m  OK  [0m] Started Discard unused blocks once a week.
         Starting LXD - unix socket.
[[0;32m  OK  [0m] Started Message of the Day.
[[0;32m  OK  [0m] Listening on UUID daemon activation socket.
[[0;32m  OK  [0m] Listening on ACPID Listen Socket.
[[0;32m  OK  [0m] Listening on Open-iSCSI iscsid Socket.
[[0;32m  OK  [0m] Started Daily apt upgrade and clean activities.
[[0;32m  OK  [0m] Started Daily Cleanup of Temporary Directories.
[[0;32m  OK  [0m] Reached target Timers.
[[0;32m  OK  [0m] Started ACPI Events Check.
[[0;32m  OK  [0m] Reached target Paths.
[[0;32m  OK  [0m] Started Availability of block devices.
[[0;32m  OK  [0m] Listening on Socket activation for snappy daemon.
[[0;32m  OK  [0m] Listening on LXD - unix socket.
         Starting Cleanup of Temporary Directories...
[[0;32m  OK  [0m] Reached target Sockets.
[[0;32m  OK  [0m] Reached target Basic System.
         Starting System Logging Service...
         Starting Pollinate to seed the pseudo random number generator...
         Starting LSB: automatic crash report generation...
[[0;32m  OK  [0m] Started Deferred execution scheduler.
         Starting Virtualbox guest utils...
[[0;32m  OK  [0m] Started FUSE filesystem for LXC.
[[0;32m  OK  [0m] Started irqbalance daemon.
[[0;32m  OK  [0m] Started Regular background program processing daemon.
         Starting Dispatcher daemon for systemd-networkd...
[[0;32m  OK  [0m] Started D-Bus System Message Bus.
         Starting Daily apt upgrade and clean activities...
         Starting LSB: Record successful boot for GRUB...
         Starting LXD - container startup/shutdown...
         Starting Login Service...
         Starting Permit User Sessions...
         Starting Accounts Service...
         Starting Snap Daemon...
[[0;32m  OK  [0m] Started System Logging Service.
[[0;32m  OK  [0m] Started Cleanup of Temporary Directories.
[[0;32m  OK  [0m] Started Permit User Sessions.
[[0;32m  OK  [0m] Started Login Service.
[[0;32m  OK  [0m] Started Unattended Upgrades Shutdown.
         Starting Terminate Plymouth Boot Screen...
         Starting Hold until boot process finishes up...
[[0;32m  OK  [0m] Started Hold until boot process finishes up.
[[0;32m  OK  [0m] Started Serial Getty on ttyS0.
         Starting Set console scheme...
[[0;32m  OK  [0m] Started Terminate Plymouth Boot Screen.
[[0;32m  OK  [0m] Started Set console scheme.
[[0;32m  OK  [0m] Created slice system-getty.slice.
[[0;32m  OK  [0m] Started Getty on tty1.
[[0;32m  OK  [0m] Reached target Login Prompts.
         Starting Authorization Manager...
[[0;32m  OK  [0m] Started LSB: automatic crash report generation.
[[0;32m  OK  [0m] Started Dispatcher daemon for systemd-networkd.
[[0;32m  OK  [0m] Started LSB: Record successful boot for GRUB.
[[0;32m  OK  [0m] Started Authorization Manager.
[[0;32m  OK  [0m] Started Accounts Service.
[[0;32m  OK  [0m] Started LXD - container startup/shutdown.
[[0;32m  OK  [0m] Started Virtualbox guest utils.
[[0;32m  OK  [0m] Started Snap Daemon.
         Starting Wait until snapd is fully seeded...
[[0;32m  OK  [0m] Started Wait until snapd is fully seeded.
         Starting Apply the settings specified in cloud-config...
[[0;32m  OK  [0m] Started Pollinate to seed the pseudo random number generator.
         Starting OpenBSD Secure Shell server...
[[0;32m  OK  [0m] Started OpenBSD Secure Shell server.
[[0;32m  OK  [0m] Reached target Multi-User System.
[[0;32m  OK  [0m] Reached target Graphical Interface.
         Starting Update UTMP about System Runlevel Changes...
[[0;32m  OK  [0m] Started Update UTMP about System Runlevel Changes.
[  963.775272] cloud-init[1205]: Cloud-init v. 20.2-45-g5f7825e2-0ubuntu1~18.04.1 running 'modules:config' at Wed, 09 Sep 2020 06:45:09 +0000. Up 963.67 seconds.
[[0;32m  OK  [0m] Started Apply the settings specified in cloud-config.
         Starting Execute cloud user/final scripts...
[[0;32m  OK  [0m] Started Daily apt upgrade and clean activities.
[  964.219843] cloud-init[1269]: Cloud-init v. 20.2-45-g5f7825e2-0ubuntu1~18.04.1 running 'modules:final' at Wed, 09 Sep 2020 06:45:10 +0000. Up 964.12 seconds.
[  964.227168] cloud-init[1269]: Cloud-init v. 20.2-45-g5f7825e2-0ubuntu1~18.04.1 finished at Wed, 09 Sep 2020 06:45:10 +0000. Datasource DataSourceNoCloud [seed=/dev/sdb][dsmode=net].  Up 964.21 seconds
[[0;32m  OK  [0m] Started Execute cloud user/final scripts.
[[0;32m  OK  [0m] Reached target Cloud-init target.

Ubuntu 18.04.5 LTS ubuntu-bionic ttyS0

ubuntu-bionic login: 